{"synthetic": false,
 "schemaVersion": "2025-09-10",
 "outputs": null,
 "log":
 [{"message": "Documentation indexing", "level": "info"},
  {"message":
   ".> /Users/sean/Documents/MA2/lean/projects/LCS/.lake/packages/doc-gen4/.lake/build/bin/doc-gen4 index --build /Users/sean/Documents/MA2/lean/projects/LCS/docbuild/.lake/build",
   "level": "trace"}],
 "inputs":
 [["/Users/sean/Documents/MA2/lean/projects/LCS/docbuild/.lake/build/doc-data/references.json",
   "a50f2257f35adb49"],
  ["/Users/sean/Documents/MA2/lean/projects/LCS/.lake/packages/doc-gen4/.lake/build/bin/doc-gen4",
   "0664fab7eedc0c85"],
  ["<nil>", "693a81cbc883e942"],
  ["<collection>",
   [["/Users/sean/Documents/MA2/lean/projects/LCS/docbuild/.lake/build/doc/LCS/Basic.html",
     "aa36b71be46a32bc"],
    ["/Users/sean/Documents/MA2/lean/projects/LCS/docbuild/.lake/build/doc/LCS/Measurement.html",
     "7ba5d504d07a1c31"],
    ["/Users/sean/Documents/MA2/lean/projects/LCS/docbuild/.lake/build/doc/LCS/Observable.html",
     "64761651fbeaed29"],
    ["/Users/sean/Documents/MA2/lean/projects/LCS/docbuild/.lake/build/doc/LCS/Strategy/ObservableStrategy.html",
     "999eb9c3b5bfb817"],
    ["/Users/sean/Documents/MA2/lean/projects/LCS/docbuild/.lake/build/doc/LCS/Common.html",
     "ed6b0d30f4704cee"],
    ["/Users/sean/Documents/MA2/lean/projects/LCS/docbuild/.lake/build/doc/LCS/Strategy/ObservableToProjector.html",
     "3781cf5cd08705f0"],
    ["/Users/sean/Documents/MA2/lean/projects/LCS/docbuild/.lake/build/doc/LCS/Strategy/ProjectorStrategy.html",
     "9a69f2e5a8bd54dc"],
    ["/Users/sean/Documents/MA2/lean/projects/LCS/docbuild/.lake/build/doc/LCS/Strategy/Equivalence.html",
     "8987b4579656e9a4"],
    ["/Users/sean/Documents/MA2/lean/projects/LCS/docbuild/.lake/build/doc/LCS/WinningCondition.html",
     "fe719e2dda9fc4e5"],
    ["/Users/sean/Documents/MA2/lean/projects/LCS/docbuild/.lake/build/doc/LCS/Pauli.html",
     "8c2e6e025a31086f"],
    ["/Users/sean/Documents/MA2/lean/projects/LCS/docbuild/.lake/build/doc/LCS/Games/MagicSquare.html",
     "a4fe5d3a11a79450"],
    ["/Users/sean/Documents/MA2/lean/projects/LCS/docbuild/.lake/build/doc/LCS.html",
     "e282179eea92423d"]]]],
 "depHash": "09dadd01be374a2f"}