{"synthetic": false,
 "schemaVersion": "2025-09-10",
 "outputs": null,
 "log":
 [{"message": "Documentation indexing", "level": "info"},
  {"message":
   ".> /Users/sean/Documents/MA2/lean/projects/LCS/.lake/packages/doc-gen4/.lake/build/bin/doc-gen4 index --build /Users/sean/Documents/MA2/lean/projects/LCS/docbuild/.lake/build",
   "level": "trace"}],
 "inputs":
 [["/Users/sean/Documents/MA2/lean/projects/LCS/docbuild/.lake/build/doc-data/references.json",
   "a50f2257f35adb49"],
  ["/Users/sean/Documents/MA2/lean/projects/LCS/.lake/packages/doc-gen4/.lake/build/bin/doc-gen4",
   "0664fab7eedc0c85"],
  ["<nil>", "693a81cbc883e942"],
  ["<collection>",
   [["/Users/sean/Documents/MA2/lean/projects/LCS/docbuild/.lake/build/doc/LCS/Basic.html",
     "e90f1d1820995593"],
    ["/Users/sean/Documents/MA2/lean/projects/LCS/docbuild/.lake/build/doc/LCS/Measurement.html",
     "a1611965938eda84"],
    ["/Users/sean/Documents/MA2/lean/projects/LCS/docbuild/.lake/build/doc/LCS/Observable.html",
     "ccd960e0a1b1cb45"],
    ["/Users/sean/Documents/MA2/lean/projects/LCS/docbuild/.lake/build/doc/LCS/Strategy/ObservableStrategy.html",
     "a8932c58266b4f94"],
    ["/Users/sean/Documents/MA2/lean/projects/LCS/docbuild/.lake/build/doc/LCS/Common.html",
     "1cca45e149f9e136"],
    ["/Users/sean/Documents/MA2/lean/projects/LCS/docbuild/.lake/build/doc/LCS/Strategy/ObservableToProjector.html",
     "bfaf849fe5cd7485"],
    ["/Users/sean/Documents/MA2/lean/projects/LCS/docbuild/.lake/build/doc/LCS/Strategy/ProjectorStrategy.html",
     "6718367cb60ab12f"],
    ["/Users/sean/Documents/MA2/lean/projects/LCS/docbuild/.lake/build/doc/LCS/Strategy/Equivalence.html",
     "d5e0dd8c7213ce0a"],
    ["/Users/sean/Documents/MA2/lean/projects/LCS/docbuild/.lake/build/doc/LCS/SolutionGroup.html",
     "6c3c0b0042d0e395"],
    ["/Users/sean/Documents/MA2/lean/projects/LCS/docbuild/.lake/build/doc/LCS/WinningCondition.html",
     "bc9d36986bde42c9"],
    ["/Users/sean/Documents/MA2/lean/projects/LCS/docbuild/.lake/build/doc/LCS/Pauli.html",
     "265be4c213158a5d"],
    ["/Users/sean/Documents/MA2/lean/projects/LCS/docbuild/.lake/build/doc/LCS/Games/MagicSquare/Strategy.html",
     "bde8df283785dd2b"],
    ["/Users/sean/Documents/MA2/lean/projects/LCS/docbuild/.lake/build/doc/LCS/Games/MagicSquare/SolutionGroup.html",
     "c2da90922f11ed89"],
    ["/Users/sean/Documents/MA2/lean/projects/LCS/docbuild/.lake/build/doc/LCS/Games/MagicSquare.html",
     "b644df75287b9048"],
    ["/Users/sean/Documents/MA2/lean/projects/LCS/docbuild/.lake/build/doc/LCS.html",
     "2fe6ceb002ab51ad"]]]],
 "depHash": "77cecaf14d64d4df"}