{"synthetic": false,
 "schemaVersion": "2025-09-10",
 "outputs": null,
 "log":
 [{"message":
   ".> ELAN=elan ELAN_HOME=/Users/sean/.elan ELAN_TOOLCHAIN=leanprover/lean4:v4.28.0 LAKE=/Users/sean/.elan/toolchains/leanprover--lean4---v4.28.0/bin/lake LAKE_HOME=/Users/sean/.elan/toolchains/leanprover--lean4---v4.28.0 LAKE_PKG_URL_MAP={} LAKE_NO_CACHE=false LAKE_CACHE_KEY= LAKE_CACHE_ARTIFACT_ENDPOINT= LAKE_CACHE_REVISION_ENDPOINT= LEAN=/Users/sean/.elan/toolchains/leanprover--lean4---v4.28.0/bin/lean LEAN_SYSROOT=/Users/sean/.elan/toolchains/leanprover--lean4---v4.28.0 LEAN_AR=/Users/sean/.elan/toolchains/leanprover--lean4---v4.28.0/bin/llvm-ar LEAN_CC= LAKE_CACHE_DIR=/Users/sean/.elan/toolchains/leanprover--lean4---v4.28.0/lake/cache LAKE_ARTIFACT_CACHE=false LEAN_PATH=/Users/sean/Documents/MA2/lean/projects/LCS/.lake/packages/batteries/.lake/build/lib/lean:/Users/sean/Documents/MA2/lean/projects/LCS/.lake/packages/Qq/.lake/build/lib/lean:/Users/sean/Documents/MA2/lean/projects/LCS/.lake/packages/aesop/.lake/build/lib/lean:/Users/sean/Documents/MA2/lean/projects/LCS/.lake/packages/proofwidgets/.lake/build/lib/lean:/Users/sean/Documents/MA2/lean/projects/LCS/.lake/packages/importGraph/.lake/build/lib/lean:/Users/sean/Documents/MA2/lean/projects/LCS/.lake/packages/LeanSearchClient/.lake/build/lib/lean:/Users/sean/Documents/MA2/lean/projects/LCS/.lake/packages/subverso/.lake/build/lib/lean:/Users/sean/Documents/MA2/lean/projects/LCS/.lake/packages/plausible/.lake/build/lib/lean:/Users/sean/Documents/MA2/lean/projects/LCS/.lake/packages/mathlib/.lake/build/lib/lean:/Users/sean/Documents/MA2/lean/projects/LCS/.lake/packages/verso/.lake/build/lib/lean:/Users/sean/Documents/MA2/lean/projects/LCS/.lake/packages/MD4Lean/.lake/build/lib/lean:/Users/sean/Documents/MA2/lean/projects/LCS/.lake/packages/BibtexQuery/.lake/build/lib/lean:/Users/sean/Documents/MA2/lean/projects/LCS/.lake/packages/UnicodeBasic/.lake/build/lib/lean:/Users/sean/Documents/MA2/lean/projects/LCS/.lake/packages/Cli/.lake/build/lib/lean:/Users/sean/Documents/MA2/lean/projects/LCS/.lake/build/lib/lean:/Users/sean/Documents/MA2/lean/projects/LCS/.lake/packages/doc-gen4/.lake/build/lib/lean:/Users/sean/Documents/MA2/lean/projects/LCS/docbuild/.lake/build/lib/lean:/Users/sean/.elan/toolchains/leanprover--lean4---v4.28.0/lib/lean LEAN_SRC_PATH=/Users/sean/Documents/MA2/lean/projects/LCS/.lake/packages/batteries:/Users/sean/Documents/MA2/lean/projects/LCS/.lake/packages/batteries:/Users/sean/Documents/MA2/lean/projects/LCS/.lake/packages/Qq:/Users/sean/Documents/MA2/lean/projects/LCS/.lake/packages/Qq:/Users/sean/Documents/MA2/lean/projects/LCS/.lake/packages/aesop:/Users/sean/Documents/MA2/lean/projects/LCS/.lake/packages/aesop:/Users/sean/Documents/MA2/lean/projects/LCS/.lake/packages/proofwidgets:/Users/sean/Documents/MA2/lean/projects/LCS/.lake/packages/proofwidgets:/Users/sean/Documents/MA2/lean/projects/LCS/.lake/packages/proofwidgets:/Users/sean/Documents/MA2/lean/projects/LCS/.lake/packages/importGraph:/Users/sean/Documents/MA2/lean/projects/LCS/.lake/packages/importGraph:/Users/sean/Documents/MA2/lean/projects/LCS/.lake/packages/LeanSearchClient:/Users/sean/Documents/MA2/lean/projects/LCS/.lake/packages/LeanSearchClient:/Users/sean/Documents/MA2/lean/projects/LCS/.lake/packages/subverso/src/:/Users/sean/Documents/MA2/lean/projects/LCS/.lake/packages/plausible:/Users/sean/Documents/MA2/lean/projects/LCS/.lake/packages/plausible:/Users/sean/Documents/MA2/lean/projects/LCS/.lake/packages/mathlib:/Users/sean/Documents/MA2/lean/projects/LCS/.lake/packages/mathlib:/Users/sean/Documents/MA2/lean/projects/LCS/.lake/packages/mathlib:/Users/sean/Documents/MA2/lean/projects/LCS/.lake/packages/mathlib:/Users/sean/Documents/MA2/lean/projects/LCS/.lake/packages/mathlib:/Users/sean/Documents/MA2/lean/projects/LCS/.lake/packages/mathlib:/Users/sean/Documents/MA2/lean/projects/LCS/.lake/packages/verso/src/verso-util:/Users/sean/Documents/MA2/lean/projects/LCS/.lake/packages/verso/src/verso:/Users/sean/Documents/MA2/lean/projects/LCS/.lake/packages/verso/src/multi-verso:/Users/sean/Documents/MA2/lean/projects/LCS/.lake/packages/verso/src/verso-search:/Users/sean/Documents/MA2/lean/projects/LCS/.lake/packages/verso/src/verso-blog:/Users/sean/Documents/MA2/lean/projects/LCS/.lake/packages/verso/src/verso-manual:/Users/sean/Documents/MA2/lean/projects/LCS/.lake/packages/verso/src/verso-tutorial:/Users/sean/Documents/MA2/lean/projects/LCS/.lake/packages/verso/src/verso-literate:/Users/sean/Documents/MA2/lean/projects/LCS/.lake/packages/verso/src/tests:/Users/sean/Documents/MA2/lean/projects/LCS/.lake/packages/verso/doc:/Users/sean/Documents/MA2/lean/projects/LCS/.lake/packages/verso/test-projects/website:/Users/sean/Documents/MA2/lean/projects/LCS/.lake/packages/verso/test-projects/textbook:/Users/sean/Documents/MA2/lean/projects/LCS/.lake/packages/verso/test-projects/package-manual:/Users/sean/Documents/MA2/lean/projects/LCS/.lake/packages/verso/test-projects/custom-genre:/Users/sean/Documents/MA2/lean/projects/LCS/.lake/packages/verso/test-projects/tutorial-test:/Users/sean/Documents/MA2/lean/projects/LCS/.lake/packages/MD4Lean:/Users/sean/Documents/MA2/lean/projects/LCS/.lake/packages/MD4Lean:/Users/sean/Documents/MA2/lean/projects/LCS/.lake/packages/BibtexQuery:/Users/sean/Documents/MA2/lean/projects/LCS/.lake/packages/UnicodeBasic:/Users/sean/Documents/MA2/lean/projects/LCS/.lake/packages/UnicodeBasic:/Users/sean/Documents/MA2/lean/projects/LCS/.lake/packages/Cli:/Users/sean/Documents/MA2/lean/projects/LCS/.lake/packages/Cli:/Users/sean/Documents/MA2/lean/projects/LCS:/Users/sean/Documents/MA2/lean/projects/LCS/.lake/packages/doc-gen4:/Users/sean/.elan/toolchains/leanprover--lean4---v4.28.0/src/lean/lake LEAN_GITHASH=7e01a1bf5c70fc6167d49c345d3bf80596e9a79b PATH DYLD_LIBRARY_PATH=/Users/sean/.elan/toolchains/leanprover--lean4---v4.28.0/lib/lean:/Users/sean/.elan/toolchains/leanprover--lean4---v4.28.0/lib:/Users/sean/Documents/MA2/lean/projects/LCS/docbuild/.lake/build/lib:/Users/sean/Documents/MA2/lean/projects/LCS/.lake/packages/doc-gen4/.lake/build/lib:/Users/sean/Documents/MA2/lean/projects/LCS/.lake/build/lib:/Users/sean/Documents/MA2/lean/projects/LCS/.lake/packages/Cli/.lake/build/lib:/Users/sean/Documents/MA2/lean/projects/LCS/.lake/packages/UnicodeBasic/.lake/build/lib:/Users/sean/Documents/MA2/lean/projects/LCS/.lake/packages/BibtexQuery/.lake/build/lib:/Users/sean/Documents/MA2/lean/projects/LCS/.lake/packages/MD4Lean/.lake/build/lib:/Users/sean/Documents/MA2/lean/projects/LCS/.lake/packages/verso/.lake/build/lib:/Users/sean/Documents/MA2/lean/projects/LCS/.lake/packages/mathlib/.lake/build/lib:/Users/sean/Documents/MA2/lean/projects/LCS/.lake/packages/plausible/.lake/build/lib:/Users/sean/Documents/MA2/lean/projects/LCS/.lake/packages/subverso/.lake/build/lib:/Users/sean/Documents/MA2/lean/projects/LCS/.lake/packages/LeanSearchClient/.lake/build/lib:/Users/sean/Documents/MA2/lean/projects/LCS/.lake/packages/importGraph/.lake/build/lib:/Users/sean/Documents/MA2/lean/projects/LCS/.lake/packages/proofwidgets/.lake/build/lib:/Users/sean/Documents/MA2/lean/projects/LCS/.lake/packages/aesop/.lake/build/lib:/Users/sean/Documents/MA2/lean/projects/LCS/.lake/packages/Qq/.lake/build/lib:/Users/sean/Documents/MA2/lean/projects/LCS/.lake/packages/batteries/.lake/build/lib /Users/sean/Documents/MA2/lean/projects/LCS/.lake/packages/doc-gen4/.lake/build/bin/doc-gen4 single --build /Users/sean/Documents/MA2/lean/projects/LCS/docbuild/.lake/build Mathlib.Algebra.Order.Ring.Defs https://github.com/leanprover-community/mathlib4/blob/8f9d9cff6bd728b17a24e163c9402775d9e6a365/Mathlib/Algebra/Order/Ring/Defs.lean",
   "level": "trace"}],
 "inputs":
 [["<collection>",
   [["/Users/sean/Documents/MA2/lean/projects/LCS/docbuild/.lake/build/doc/Mathlib/Algebra/Order/Ring/Unbundled/Basic.html",
     "7672b785591a2e17"],
    ["/Users/sean/Documents/MA2/lean/projects/LCS/docbuild/.lake/build/doc/Mathlib/Algebra/CharZero/Defs.html",
     "ced5bf2466e276de"],
    ["/Users/sean/Documents/MA2/lean/projects/LCS/docbuild/.lake/build/doc/Mathlib/Algebra/Order/Group/Defs.html",
     "a37630a2f2fb4e54"],
    ["/Users/sean/Documents/MA2/lean/projects/LCS/docbuild/.lake/build/doc/Mathlib/Algebra/Order/GroupWithZero/Unbundled/Basic.html",
     "f9729f071fdbb58b"],
    ["/Users/sean/Documents/MA2/lean/projects/LCS/docbuild/.lake/build/doc/Mathlib/Algebra/Order/Monoid/NatCast.html",
     "fabea1b5d5c1777b"],
    ["/Users/sean/Documents/MA2/lean/projects/LCS/docbuild/.lake/build/doc/Mathlib/Algebra/Order/Monoid/Unbundled/MinMax.html",
     "d9e6bd47957d361d"],
    ["/Users/sean/Documents/MA2/lean/projects/LCS/docbuild/.lake/build/doc/Mathlib/Algebra/Ring/Defs.html",
     "f641d38a23f9afab"],
    ["/Users/sean/Documents/MA2/lean/projects/LCS/docbuild/.lake/build/doc/Mathlib/Algebra/Ring/GrindInstances.html",
     "a5389b5d749a4a79"],
    ["/Users/sean/Documents/MA2/lean/projects/LCS/docbuild/.lake/build/doc/Mathlib/Tactic/Tauto.html",
     "c053e84278d94a15"],
    ["/Users/sean/Documents/MA2/lean/projects/LCS/docbuild/.lake/build/doc/Mathlib/Algebra/Order/Monoid/Unbundled/ExistsOfLE.html",
     "cd50651852b1aed4"]]],
  ["/Users/sean/Documents/MA2/lean/projects/LCS/docbuild/.lake/build/doc-data/references.json",
   "a50f2257f35adb49"],
  ["/Users/sean/Documents/MA2/lean/projects/LCS/.lake/packages/doc-gen4/.lake/build/bin/doc-gen4",
   "0664fab7eedc0c85"],
  ["Mathlib.Algebra.Order.Ring.Defs:leanArts", "ee2b6173671c9c1c"]],
 "depHash": "417ea118e8a5cdef"}